简化zxing/参考/ZXingDemo1修改版/app/build/outputs/logs/manifest-merger-debug-report.txt
-- Merging decision tree log ---
manifest
ADDED from src\main\AndroidManifest.xml:2:1-26:12
	xmlns:android
		ADDED from src\main\AndroidManifest.xml:2:11-69
	package
		ADDED from src\main\AndroidManifest.xml:3:2-35
		INJECTED from src\main\AndroidManifest.xml
		INJECTED from src\main\AndroidManifest.xml
	android:versionName
		ADDED from src\main\AndroidManifest.xml:4:2-27
		INJECTED from src\main\AndroidManifest.xml
		INJECTED from src\main\AndroidManifest.xml
	android:versionCode
		ADDED from src\main\AndroidManifest.xml:3:36-59
		INJECTED from src\main\AndroidManifest.xml
		INJECTED from src\main\AndroidManifest.xml
uses-sdk
ADDED from src\main\AndroidManifest.xml:5:2-40
	android:targetSdkVersion
		INJECTED from src\main\AndroidManifest.xml
		INJECTED from src\main\AndroidManifest.xml
	android:minSdkVersion
		ADDED from src\main\AndroidManifest.xml:5:12-37
		INJECTED from src\main\AndroidManifest.xml
		INJECTED from src\main\AndroidManifest.xml
application
ADDED from src\main\AndroidManifest.xml:7:2-19:16
	android:label
		ADDED from src\main\AndroidManifest.xml:7:45-77
	android:icon
		ADDED from src\main\AndroidManifest.xml:7:15-44
activity#com.zijunlin.Zxing.Demo.CaptureActivity
ADDED from src\main\AndroidManifest.xml:8:3-16:14
	android:windowSoftInputMode
		ADDED from src\main\AndroidManifest.xml:11:4-51
	android:screenOrientation
		ADDED from src\main\AndroidManifest.xml:9:4-40
	android:configChanges
		ADDED from src\main\AndroidManifest.xml:9:41-91
	android:theme
		ADDED from src\main\AndroidManifest.xml:10:4-62
	android:name
		ADDED from src\main\AndroidManifest.xml:8:13-44
intent-filter#android.intent.action.MAIN+android.intent.category.LAUNCHER
ADDED from src\main\AndroidManifest.xml:12:4-15:20
action#android.intent.action.MAIN
ADDED from src\main\AndroidManifest.xml:13:5-57
	android:name
		ADDED from src\main\AndroidManifest.xml:13:13-54
category#android.intent.category.LAUNCHER
ADDED from src\main\AndroidManifest.xml:14:5-65
	android:name
		ADDED from src\main\AndroidManifest.xml:14:15-62
activity#com.zijunlin.Zxing.Demo.MainActivity
ADDED from src\main\AndroidManifest.xml:17:3-53
	android:name
		ADDED from src\main\AndroidManifest.xml:17:13-41
uses-permission#android.permission.CAMERA
ADDED from src\main\AndroidManifest.xml:20:2-78
	android:name
		ADDED from src\main\AndroidManifest.xml:20:19-59
uses-permission#android.permission.WRITE_EXTERNAL_STORAGE
ADDED from src\main\AndroidManifest.xml:21:2-94
	android:name
		ADDED from src\main\AndroidManifest.xml:21:19-75
uses-feature#android.hardware.camera
ADDED from src\main\AndroidManifest.xml:22:2-57
	android:name
		ADDED from src\main\AndroidManifest.xml:22:16-54
uses-feature#android.hardware.camera.autofocus
ADDED from src\main\AndroidManifest.xml:23:2-67
	android:name
		ADDED from src\main\AndroidManifest.xml:23:16-64
uses-permission#android.permission.VIBRATE
ADDED from src\main\AndroidManifest.xml:24:4-64
	android:name
		ADDED from src\main\AndroidManifest.xml:24:21-62
uses-permission#android.permission.FLASHLIGHT
ADDED from src\main\AndroidManifest.xml:25:3-66
	android:name
		ADDED from src\main\AndroidManifest.xml:25:20-64